<?xml version="1.0" encoding="UTF-8"?>
<testsuite xmlns:xsi="http://www.w3.org/2001/XMLSchema-instance" xsi:noNamespaceSchemaLocation="https://maven.apache.org/surefire/maven-surefire-plugin/xsd/surefire-test-report.xsd" name="model.ModelTest" time="19.035" tests="1" errors="0" skipped="0" failures="0">
  <properties>
    <property name="sun.desktop" value="windows"/>
    <property name="awt.toolkit" value="sun.awt.windows.WToolkit"/>
    <property name="file.encoding.pkg" value="sun.io"/>
    <property name="java.specification.version" value="1.8"/>
    <property name="sun.cpu.isalist" value="amd64"/>
    <property name="sun.jnu.encoding" value="Cp1252"/>
    <property name="java.class.path" value="C:\Users\chris\OneDrive\UniPassau\DataScience&amp;Verteilte IS Lehrstuhl Arbeit\meta-db-rest-api\target\test-classes;C:\Users\chris\OneDrive\UniPassau\DataScience&amp;Verteilte IS Lehrstuhl Arbeit\meta-db-rest-api\target\classes;C:\Users\chris\.m2\repository\org\springframework\boot\spring-boot-starter-web\2.0.5.RELEASE\spring-boot-starter-web-2.0.5.RELEASE.jar;C:\Users\chris\.m2\repository\org\springframework\boot\spring-boot-starter\2.0.5.RELEASE\spring-boot-starter-2.0.5.RELEASE.jar;C:\Users\chris\.m2\repository\org\springframework\boot\spring-boot\2.0.5.RELEASE\spring-boot-2.0.5.RELEASE.jar;C:\Users\chris\.m2\repository\org\springframework\boot\spring-boot-autoconfigure\2.0.5.RELEASE\spring-boot-autoconfigure-2.0.5.RELEASE.jar;C:\Users\chris\.m2\repository\org\springframework\boot\spring-boot-starter-logging\2.0.5.RELEASE\spring-boot-starter-logging-2.0.5.RELEASE.jar;C:\Users\chris\.m2\repository\org\apache\logging\log4j\log4j-to-slf4j\2.10.0\log4j-to-slf4j-2.10.0.jar;C:\Users\chris\.m2\repository\org\apache\logging\log4j\log4j-api\2.10.0\log4j-api-2.10.0.jar;C:\Users\chris\.m2\repository\org\yaml\snakeyaml\1.19\snakeyaml-1.19.jar;C:\Users\chris\.m2\repository\org\springframework\boot\spring-boot-starter-json\2.0.5.RELEASE\spring-boot-starter-json-2.0.5.RELEASE.jar;C:\Users\chris\.m2\repository\com\fasterxml\jackson\core\jackson-databind\2.9.6\jackson-databind-2.9.6.jar;C:\Users\chris\.m2\repository\com\fasterxml\jackson\core\jackson-annotations\2.9.0\jackson-annotations-2.9.0.jar;C:\Users\chris\.m2\repository\com\fasterxml\jackson\core\jackson-core\2.9.6\jackson-core-2.9.6.jar;C:\Users\chris\.m2\repository\com\fasterxml\jackson\datatype\jackson-datatype-jdk8\2.9.6\jackson-datatype-jdk8-2.9.6.jar;C:\Users\chris\.m2\repository\com\fasterxml\jackson\datatype\jackson-datatype-jsr310\2.9.6\jackson-datatype-jsr310-2.9.6.jar;C:\Users\chris\.m2\repository\com\fasterxml\jackson\module\jackson-module-parameter-names\2.9.6\jackson-module-parameter-names-2.9.6.jar;C:\Users\chris\.m2\repository\org\hibernate\validator\hibernate-validator\6.0.12.Final\hibernate-validator-6.0.12.Final.jar;C:\Users\chris\.m2\repository\javax\validation\validation-api\2.0.1.Final\validation-api-2.0.1.Final.jar;C:\Users\chris\.m2\repository\org\jboss\logging\jboss-logging\3.3.2.Final\jboss-logging-3.3.2.Final.jar;C:\Users\chris\.m2\repository\com\fasterxml\classmate\1.3.4\classmate-1.3.4.jar;C:\Users\chris\.m2\repository\org\springframework\spring-web\5.0.9.RELEASE\spring-web-5.0.9.RELEASE.jar;C:\Users\chris\.m2\repository\org\springframework\spring-beans\5.0.9.RELEASE\spring-beans-5.0.9.RELEASE.jar;C:\Users\chris\.m2\repository\org\springframework\spring-webmvc\5.0.9.RELEASE\spring-webmvc-5.0.9.RELEASE.jar;C:\Users\chris\.m2\repository\org\springframework\spring-aop\5.0.9.RELEASE\spring-aop-5.0.9.RELEASE.jar;C:\Users\chris\.m2\repository\org\springframework\spring-context\5.0.9.RELEASE\spring-context-5.0.9.RELEASE.jar;C:\Users\chris\.m2\repository\org\springframework\spring-expression\5.0.9.RELEASE\spring-expression-5.0.9.RELEASE.jar;C:\Users\chris\.m2\repository\org\springframework\boot\spring-boot-starter-tomcat\2.0.5.RELEASE\spring-boot-starter-tomcat-2.0.5.RELEASE.jar;C:\Users\chris\.m2\repository\javax\annotation\javax.annotation-api\1.3.2\javax.annotation-api-1.3.2.jar;C:\Users\chris\.m2\repository\org\apache\tomcat\embed\tomcat-embed-core\8.5.34\tomcat-embed-core-8.5.34.jar;C:\Users\chris\.m2\repository\org\apache\tomcat\embed\tomcat-embed-el\8.5.34\tomcat-embed-el-8.5.34.jar;C:\Users\chris\.m2\repository\org\apache\tomcat\embed\tomcat-embed-websocket\8.5.34\tomcat-embed-websocket-8.5.34.jar;C:\Users\chris\.m2\repository\org\springframework\boot\spring-boot-starter-test\2.0.5.RELEASE\spring-boot-starter-test-2.0.5.RELEASE.jar;C:\Users\chris\.m2\repository\org\springframework\boot\spring-boot-test\2.0.5.RELEASE\spring-boot-test-2.0.5.RELEASE.jar;C:\Users\chris\.m2\repository\org\springframework\boot\spring-boot-test-autoconfigure\2.0.5.RELEASE\spring-boot-test-autoconfigure-2.0.5.RELEASE.jar;C:\Users\chris\.m2\repository\com\jayway\jsonpath\json-path\2.4.0\json-path-2.4.0.jar;C:\Users\chris\.m2\repository\net\minidev\json-smart\2.3\json-smart-2.3.jar;C:\Users\chris\.m2\repository\net\minidev\accessors-smart\1.2\accessors-smart-1.2.jar;C:\Users\chris\.m2\repository\org\ow2\asm\asm\5.0.4\asm-5.0.4.jar;C:\Users\chris\.m2\repository\junit\junit\4.12\junit-4.12.jar;C:\Users\chris\.m2\repository\org\assertj\assertj-core\3.9.1\assertj-core-3.9.1.jar;C:\Users\chris\.m2\repository\org\mockito\mockito-core\2.15.0\mockito-core-2.15.0.jar;C:\Users\chris\.m2\repository\net\bytebuddy\byte-buddy\1.7.11\byte-buddy-1.7.11.jar;C:\Users\chris\.m2\repository\net\bytebuddy\byte-buddy-agent\1.7.11\byte-buddy-agent-1.7.11.jar;C:\Users\chris\.m2\repository\org\objenesis\objenesis\2.6\objenesis-2.6.jar;C:\Users\chris\.m2\repository\org\hamcrest\hamcrest-core\1.3\hamcrest-core-1.3.jar;C:\Users\chris\.m2\repository\org\hamcrest\hamcrest-library\1.3\hamcrest-library-1.3.jar;C:\Users\chris\.m2\repository\org\skyscreamer\jsonassert\1.5.0\jsonassert-1.5.0.jar;C:\Users\chris\.m2\repository\com\vaadin\external\google\android-json\0.0.20131108.vaadin1\android-json-0.0.20131108.vaadin1.jar;C:\Users\chris\.m2\repository\org\springframework\spring-core\5.0.9.RELEASE\spring-core-5.0.9.RELEASE.jar;C:\Users\chris\.m2\repository\org\springframework\spring-jcl\5.0.9.RELEASE\spring-jcl-5.0.9.RELEASE.jar;C:\Users\chris\.m2\repository\org\springframework\spring-test\5.0.9.RELEASE\spring-test-5.0.9.RELEASE.jar;C:\Users\chris\.m2\repository\org\xmlunit\xmlunit-core\2.5.1\xmlunit-core-2.5.1.jar;C:\Users\chris\.m2\repository\com\github\anno4j\anno4j-core\2.4\anno4j-core-2.4.jar;C:\Users\chris\.m2\repository\org\apache\jena\jena-arq\2.13.0\jena-arq-2.13.0.jar;C:\Users\chris\.m2\repository\org\apache\jena\jena-core\2.13.0\jena-core-2.13.0.jar;C:\Users\chris\.m2\repository\org\apache\jena\jena-iri\1.1.2\jena-iri-1.1.2.jar;C:\Users\chris\.m2\repository\xerces\xercesImpl\2.11.0\xercesImpl-2.11.0.jar;C:\Users\chris\.m2\repository\xml-apis\xml-apis\1.4.01\xml-apis-1.4.01.jar;C:\Users\chris\.m2\repository\org\apache\httpcomponents\httpclient\4.5.6\httpclient-4.5.6.jar;C:\Users\chris\.m2\repository\org\apache\httpcomponents\httpcore\4.4.10\httpcore-4.4.10.jar;C:\Users\chris\.m2\repository\com\github\jsonld-java\jsonld-java\0.5.1\jsonld-java-0.5.1.jar;C:\Users\chris\.m2\repository\org\apache\httpcomponents\httpclient-cache\4.5.6\httpclient-cache-4.5.6.jar;C:\Users\chris\.m2\repository\org\apache\thrift\libthrift\0.9.2\libthrift-0.9.2.jar;C:\Users\chris\.m2\repository\org\apache\commons\commons-csv\1.0\commons-csv-1.0.jar;C:\Users\chris\.m2\repository\org\apache\commons\commons-lang3\3.7\commons-lang3-3.7.jar;C:\Users\chris\.m2\repository\eu\fbk\rdfpro\rdfpro-jsonld\0.4.1\rdfpro-jsonld-0.4.1.jar;C:\Users\chris\.m2\repository\org\openrdf\sesame\sesame-rio-api\2.8.4\sesame-rio-api-2.8.4.jar;C:\Users\chris\.m2\repository\org\semarglproject\semargl-jsonld\0.6.1\semargl-jsonld-0.6.1.jar;C:\Users\chris\.m2\repository\org\semarglproject\semargl-rdf\0.6.1\semargl-rdf-0.6.1.jar;C:\Users\chris\.m2\repository\org\semarglproject\semargl-core\0.6.1\semargl-core-0.6.1.jar;C:\Users\chris\.m2\repository\com\github\jsonld-java\jsonld-java-sesame\0.5.1\jsonld-java-sesame-0.5.1.jar;C:\Users\chris\.m2\repository\joda-time\joda-time\2.9.9\joda-time-2.9.9.jar;C:\Users\chris\.m2\repository\commons-validator\commons-validator\1.5.1\commons-validator-1.5.1.jar;C:\Users\chris\.m2\repository\commons-beanutils\commons-beanutils\1.9.2\commons-beanutils-1.9.2.jar;C:\Users\chris\.m2\repository\commons-digester\commons-digester\1.8.1\commons-digester-1.8.1.jar;C:\Users\chris\.m2\repository\commons-logging\commons-logging\1.2\commons-logging-1.2.jar;C:\Users\chris\.m2\repository\commons-collections\commons-collections\3.2.2\commons-collections-3.2.2.jar;C:\Users\chris\.m2\repository\com\squareup\javapoet\1.8.0\javapoet-1.8.0.jar;C:\Users\chris\.m2\repository\net\sourceforge\owlapi\pellet-jena-ignazio1977\2.4.0-ignazio1977\pellet-jena-ignazio1977-2.4.0-ignazio1977.jar;C:\Users\chris\.m2\repository\net\sourceforge\owlapi\pellet-core-ignazio1977\2.4.0-ignazio1977\pellet-core-ignazio1977-2.4.0-ignazio1977.jar;C:\Users\chris\.m2\repository\com\github\ansell\aterms\aterm-java\1.8.2-p1\aterm-java-1.8.2-p1.jar;C:\Users\chris\.m2\repository\com\github\ansell\jjtraveler\jjtraveler\0.6\jjtraveler-0.6.jar;C:\Users\chris\.m2\repository\com\github\ansell\aterms\shared-objects\1.4.9-p1\shared-objects-1.4.9-p1.jar;C:\Users\chris\.m2\repository\org\jgrapht\jgrapht-jdk1.5\0.7.3\jgrapht-jdk1.5-0.7.3.jar;C:\Users\chris\.m2\repository\org\slf4j\slf4j-api\1.7.25\slf4j-api-1.7.25.jar;C:\Users\chris\.m2\repository\ch\qos\logback\logback-classic\1.2.3\logback-classic-1.2.3.jar;C:\Users\chris\.m2\repository\ch\qos\logback\logback-core\1.2.3\logback-core-1.2.3.jar;C:\Users\chris\.m2\repository\com\google\code\gson\gson\2.8.5\gson-2.8.5.jar;C:\Users\chris\.m2\repository\com\github\anno4j\alibaba-repository-object\2.4\alibaba-repository-object-2.4.jar;C:\Users\chris\.m2\repository\org\openrdf\sesame\sesame-sail-memory\2.8.9\sesame-sail-memory-2.8.9.jar;C:\Users\chris\.m2\repository\org\openrdf\sesame\sesame-sail-base\2.8.9\sesame-sail-base-2.8.9.jar;C:\Users\chris\.m2\repository\org\openrdf\sesame\sesame-sail-inferencer\2.8.9\sesame-sail-inferencer-2.8.9.jar;C:\Users\chris\.m2\repository\org\openrdf\sesame\sesame-queryparser-serql\2.8.9\sesame-queryparser-serql-2.8.9.jar;C:\Users\chris\.m2\repository\org\openrdf\sesame\sesame-sail-model\2.8.9\sesame-sail-model-2.8.9.jar;C:\Users\chris\.m2\repository\org\openrdf\sesame\sesame-queryalgebra-evaluation\2.8.9\sesame-queryalgebra-evaluation-2.8.9.jar;C:\Users\chris\.m2\repository\org\openrdf\sesame\sesame-repository-sparql\2.8.9\sesame-repository-sparql-2.8.9.jar;C:\Users\chris\.m2\repository\org\mapdb\mapdb\1.0.7\mapdb-1.0.7.jar;C:\Users\chris\.m2\repository\org\openrdf\sesame\sesame-queryalgebra-model\2.8.9\sesame-queryalgebra-model-2.8.9.jar;C:\Users\chris\.m2\repository\org\openrdf\sesame\sesame-query\2.8.9\sesame-query-2.8.9.jar;C:\Users\chris\.m2\repository\org\openrdf\sesame\sesame-util\2.8.9\sesame-util-2.8.9.jar;C:\Users\chris\.m2\repository\org\openrdf\sesame\sesame-repository-sail\2.8.9\sesame-repository-sail-2.8.9.jar;C:\Users\chris\.m2\repository\org\openrdf\sesame\sesame-sail-api\2.8.9\sesame-sail-api-2.8.9.jar;C:\Users\chris\.m2\repository\org\openrdf\sesame\sesame-http-client\2.8.9\sesame-http-client-2.8.9.jar;C:\Users\chris\.m2\repository\org\openrdf\sesame\sesame-queryparser-api\2.8.9\sesame-queryparser-api-2.8.9.jar;C:\Users\chris\.m2\repository\org\openrdf\sesame\sesame-rio-trig\2.8.9\sesame-rio-trig-2.8.9.jar;C:\Users\chris\.m2\repository\org\openrdf\sesame\sesame-rio-turtle\2.8.9\sesame-rio-turtle-2.8.9.jar;C:\Users\chris\.m2\repository\org\openrdf\sesame\sesame-model\2.8.9\sesame-model-2.8.9.jar;C:\Users\chris\.m2\repository\org\openrdf\sesame\sesame-repository-api\2.8.9\sesame-repository-api-2.8.9.jar;C:\Users\chris\.m2\repository\org\openrdf\sesame\sesame-repository-manager\2.8.9\sesame-repository-manager-2.8.9.jar;C:\Users\chris\.m2\repository\org\openrdf\sesame\sesame-repository-event\2.8.9\sesame-repository-event-2.8.9.jar;C:\Users\chris\.m2\repository\org\openrdf\sesame\sesame-repository-http\2.8.9\sesame-repository-http-2.8.9.jar;C:\Users\chris\.m2\repository\org\openrdf\sesame\sesame-rio-binary\2.8.9\sesame-rio-binary-2.8.9.jar;C:\Users\chris\.m2\repository\org\openrdf\sesame\sesame-http-protocol\2.8.9\sesame-http-protocol-2.8.9.jar;C:\Users\chris\.m2\repository\org\openrdf\sesame\sesame-rio-ntriples\2.8.9\sesame-rio-ntriples-2.8.9.jar;C:\Users\chris\.m2\repository\org\openrdf\sesame\sesame-repository-contextaware\2.8.9\sesame-repository-contextaware-2.8.9.jar;C:\Users\chris\.m2\repository\com\github\anno4j\alibaba-store-blob\2.4\alibaba-store-blob-2.4.jar;C:\Users\chris\.m2\repository\com\github\anno4j\alibaba-composition-object\2.4\alibaba-composition-object-2.4.jar;C:\Users\chris\.m2\repository\org\reflections\reflections\0.9.10\reflections-0.9.10.jar;C:\Users\chris\.m2\repository\org\openrdf\sesame\sesame-queryparser-sparql\2.8.9\sesame-queryparser-sparql-2.8.9.jar;C:\Users\chris\.m2\repository\org\openrdf\sesame\sesame-queryresultio-sparqlxml\2.8.9\sesame-queryresultio-sparqlxml-2.8.9.jar;C:\Users\chris\.m2\repository\org\openrdf\sesame\sesame-queryresultio-api\2.8.9\sesame-queryresultio-api-2.8.9.jar;C:\Users\chris\.m2\repository\org\openrdf\sesame\sesame-rio-rdfxml\2.8.9\sesame-rio-rdfxml-2.8.9.jar;C:\Users\chris\.m2\repository\org\openrdf\sesame\sesame-rio-datatypes\2.8.9\sesame-rio-datatypes-2.8.9.jar;C:\Users\chris\.m2\repository\org\openrdf\sesame\sesame-rio-languages\2.8.9\sesame-rio-languages-2.8.9.jar;C:\Users\chris\.m2\repository\commons-io\commons-io\2.4\commons-io-2.4.jar;C:\Users\chris\.m2\repository\org\javassist\javassist\3.19.0-GA\javassist-3.19.0-GA.jar;C:\Users\chris\.m2\repository\commons-cli\commons-cli\1.2\commons-cli-1.2.jar;C:\Users\chris\.m2\repository\commons-codec\commons-codec\1.11\commons-codec-1.11.jar;C:\Users\chris\.m2\repository\org\apache\marmotta\ldpath-core\3.4.0\ldpath-core-3.4.0.jar;C:\Users\chris\.m2\repository\org\apache\marmotta\ldpath-api\3.4.0\ldpath-api-3.4.0.jar;C:\Users\chris\.m2\repository\com\google\guava\guava\19.0\guava-19.0.jar;C:\Users\chris\.m2\repository\org\slf4j\slf4j-ext\1.7.25\slf4j-ext-1.7.25.jar;C:\Users\chris\.m2\repository\org\slf4j\jcl-over-slf4j\1.7.25\jcl-over-slf4j-1.7.25.jar;C:\Users\chris\.m2\repository\org\slf4j\jul-to-slf4j\1.7.25\jul-to-slf4j-1.7.25.jar;C:\Users\chris\.m2\repository\org\apache\marmotta\ldpath-backend-sesame\3.4.0\ldpath-backend-sesame-3.4.0.jar;"/>
    <property name="java.vm.vendor" value="Oracle Corporation"/>
    <property name="sun.arch.data.model" value="64"/>
    <property name="user.variant" value=""/>
    <property name="java.vendor.url" value="http://java.oracle.com/"/>
    <property name="user.timezone" value=""/>
    <property name="java.vm.specification.version" value="1.8"/>
    <property name="os.name" value="Windows 10"/>
    <property name="user.country" value="DE"/>
    <property name="sun.java.launcher" value="SUN_STANDARD"/>
    <property name="sun.boot.library.path" value="C:\Program Files\Java\jdk1.8.0_191\jre\bin"/>
    <property name="sun.java.command" value="C:\Users\chris\AppData\Local\Temp\surefire6242915579590115334\surefirebooter7531461129046841522.jar C:\Users\chris\AppData\Local\Temp\surefire6242915579590115334 2018-11-13T15-40-53_685-jvmRun1 surefire5522124941899985711tmp surefire_03864854791048300790tmp"/>
    <property name="surefire.test.class.path" value="C:\Users\chris\OneDrive\UniPassau\DataScience&amp;Verteilte IS Lehrstuhl Arbeit\meta-db-rest-api\target\test-classes;C:\Users\chris\OneDrive\UniPassau\DataScience&amp;Verteilte IS Lehrstuhl Arbeit\meta-db-rest-api\target\classes;C:\Users\chris\.m2\repository\org\springframework\boot\spring-boot-starter-web\2.0.5.RELEASE\spring-boot-starter-web-2.0.5.RELEASE.jar;C:\Users\chris\.m2\repository\org\springframework\boot\spring-boot-starter\2.0.5.RELEASE\spring-boot-starter-2.0.5.RELEASE.jar;C:\Users\chris\.m2\repository\org\springframework\boot\spring-boot\2.0.5.RELEASE\spring-boot-2.0.5.RELEASE.jar;C:\Users\chris\.m2\repository\org\springframework\boot\spring-boot-autoconfigure\2.0.5.RELEASE\spring-boot-autoconfigure-2.0.5.RELEASE.jar;C:\Users\chris\.m2\repository\org\springframework\boot\spring-boot-starter-logging\2.0.5.RELEASE\spring-boot-starter-logging-2.0.5.RELEASE.jar;C:\Users\chris\.m2\repository\org\apache\logging\log4j\log4j-to-slf4j\2.10.0\log4j-to-slf4j-2.10.0.jar;C:\Users\chris\.m2\repository\org\apache\logging\log4j\log4j-api\2.10.0\log4j-api-2.10.0.jar;C:\Users\chris\.m2\repository\org\yaml\snakeyaml\1.19\snakeyaml-1.19.jar;C:\Users\chris\.m2\repository\org\springframework\boot\spring-boot-starter-json\2.0.5.RELEASE\spring-boot-starter-json-2.0.5.RELEASE.jar;C:\Users\chris\.m2\repository\com\fasterxml\jackson\core\jackson-databind\2.9.6\jackson-databind-2.9.6.jar;C:\Users\chris\.m2\repository\com\fasterxml\jackson\core\jackson-annotations\2.9.0\jackson-annotations-2.9.0.jar;C:\Users\chris\.m2\repository\com\fasterxml\jackson\core\jackson-core\2.9.6\jackson-core-2.9.6.jar;C:\Users\chris\.m2\repository\com\fasterxml\jackson\datatype\jackson-datatype-jdk8\2.9.6\jackson-datatype-jdk8-2.9.6.jar;C:\Users\chris\.m2\repository\com\fasterxml\jackson\datatype\jackson-datatype-jsr310\2.9.6\jackson-datatype-jsr310-2.9.6.jar;C:\Users\chris\.m2\repository\com\fasterxml\jackson\module\jackson-module-parameter-names\2.9.6\jackson-module-parameter-names-2.9.6.jar;C:\Users\chris\.m2\repository\org\hibernate\validator\hibernate-validator\6.0.12.Final\hibernate-validator-6.0.12.Final.jar;C:\Users\chris\.m2\repository\javax\validation\validation-api\2.0.1.Final\validation-api-2.0.1.Final.jar;C:\Users\chris\.m2\repository\org\jboss\logging\jboss-logging\3.3.2.Final\jboss-logging-3.3.2.Final.jar;C:\Users\chris\.m2\repository\com\fasterxml\classmate\1.3.4\classmate-1.3.4.jar;C:\Users\chris\.m2\repository\org\springframework\spring-web\5.0.9.RELEASE\spring-web-5.0.9.RELEASE.jar;C:\Users\chris\.m2\repository\org\springframework\spring-beans\5.0.9.RELEASE\spring-beans-5.0.9.RELEASE.jar;C:\Users\chris\.m2\repository\org\springframework\spring-webmvc\5.0.9.RELEASE\spring-webmvc-5.0.9.RELEASE.jar;C:\Users\chris\.m2\repository\org\springframework\spring-aop\5.0.9.RELEASE\spring-aop-5.0.9.RELEASE.jar;C:\Users\chris\.m2\repository\org\springframework\spring-context\5.0.9.RELEASE\spring-context-5.0.9.RELEASE.jar;C:\Users\chris\.m2\repository\org\springframework\spring-expression\5.0.9.RELEASE\spring-expression-5.0.9.RELEASE.jar;C:\Users\chris\.m2\repository\org\springframework\boot\spring-boot-starter-tomcat\2.0.5.RELEASE\spring-boot-starter-tomcat-2.0.5.RELEASE.jar;C:\Users\chris\.m2\repository\javax\annotation\javax.annotation-api\1.3.2\javax.annotation-api-1.3.2.jar;C:\Users\chris\.m2\repository\org\apache\tomcat\embed\tomcat-embed-core\8.5.34\tomcat-embed-core-8.5.34.jar;C:\Users\chris\.m2\repository\org\apache\tomcat\embed\tomcat-embed-el\8.5.34\tomcat-embed-el-8.5.34.jar;C:\Users\chris\.m2\repository\org\apache\tomcat\embed\tomcat-embed-websocket\8.5.34\tomcat-embed-websocket-8.5.34.jar;C:\Users\chris\.m2\repository\org\springframework\boot\spring-boot-starter-test\2.0.5.RELEASE\spring-boot-starter-test-2.0.5.RELEASE.jar;C:\Users\chris\.m2\repository\org\springframework\boot\spring-boot-test\2.0.5.RELEASE\spring-boot-test-2.0.5.RELEASE.jar;C:\Users\chris\.m2\repository\org\springframework\boot\spring-boot-test-autoconfigure\2.0.5.RELEASE\spring-boot-test-autoconfigure-2.0.5.RELEASE.jar;C:\Users\chris\.m2\repository\com\jayway\jsonpath\json-path\2.4.0\json-path-2.4.0.jar;C:\Users\chris\.m2\repository\net\minidev\json-smart\2.3\json-smart-2.3.jar;C:\Users\chris\.m2\repository\net\minidev\accessors-smart\1.2\accessors-smart-1.2.jar;C:\Users\chris\.m2\repository\org\ow2\asm\asm\5.0.4\asm-5.0.4.jar;C:\Users\chris\.m2\repository\junit\junit\4.12\junit-4.12.jar;C:\Users\chris\.m2\repository\org\assertj\assertj-core\3.9.1\assertj-core-3.9.1.jar;C:\Users\chris\.m2\repository\org\mockito\mockito-core\2.15.0\mockito-core-2.15.0.jar;C:\Users\chris\.m2\repository\net\bytebuddy\byte-buddy\1.7.11\byte-buddy-1.7.11.jar;C:\Users\chris\.m2\repository\net\bytebuddy\byte-buddy-agent\1.7.11\byte-buddy-agent-1.7.11.jar;C:\Users\chris\.m2\repository\org\objenesis\objenesis\2.6\objenesis-2.6.jar;C:\Users\chris\.m2\repository\org\hamcrest\hamcrest-core\1.3\hamcrest-core-1.3.jar;C:\Users\chris\.m2\repository\org\hamcrest\hamcrest-library\1.3\hamcrest-library-1.3.jar;C:\Users\chris\.m2\repository\org\skyscreamer\jsonassert\1.5.0\jsonassert-1.5.0.jar;C:\Users\chris\.m2\repository\com\vaadin\external\google\android-json\0.0.20131108.vaadin1\android-json-0.0.20131108.vaadin1.jar;C:\Users\chris\.m2\repository\org\springframework\spring-core\5.0.9.RELEASE\spring-core-5.0.9.RELEASE.jar;C:\Users\chris\.m2\repository\org\springframework\spring-jcl\5.0.9.RELEASE\spring-jcl-5.0.9.RELEASE.jar;C:\Users\chris\.m2\repository\org\springframework\spring-test\5.0.9.RELEASE\spring-test-5.0.9.RELEASE.jar;C:\Users\chris\.m2\repository\org\xmlunit\xmlunit-core\2.5.1\xmlunit-core-2.5.1.jar;C:\Users\chris\.m2\repository\com\github\anno4j\anno4j-core\2.4\anno4j-core-2.4.jar;C:\Users\chris\.m2\repository\org\apache\jena\jena-arq\2.13.0\jena-arq-2.13.0.jar;C:\Users\chris\.m2\repository\org\apache\jena\jena-core\2.13.0\jena-core-2.13.0.jar;C:\Users\chris\.m2\repository\org\apache\jena\jena-iri\1.1.2\jena-iri-1.1.2.jar;C:\Users\chris\.m2\repository\xerces\xercesImpl\2.11.0\xercesImpl-2.11.0.jar;C:\Users\chris\.m2\repository\xml-apis\xml-apis\1.4.01\xml-apis-1.4.01.jar;C:\Users\chris\.m2\repository\org\apache\httpcomponents\httpclient\4.5.6\httpclient-4.5.6.jar;C:\Users\chris\.m2\repository\org\apache\httpcomponents\httpcore\4.4.10\httpcore-4.4.10.jar;C:\Users\chris\.m2\repository\com\github\jsonld-java\jsonld-java\0.5.1\jsonld-java-0.5.1.jar;C:\Users\chris\.m2\repository\org\apache\httpcomponents\httpclient-cache\4.5.6\httpclient-cache-4.5.6.jar;C:\Users\chris\.m2\repository\org\apache\thrift\libthrift\0.9.2\libthrift-0.9.2.jar;C:\Users\chris\.m2\repository\org\apache\commons\commons-csv\1.0\commons-csv-1.0.jar;C:\Users\chris\.m2\repository\org\apache\commons\commons-lang3\3.7\commons-lang3-3.7.jar;C:\Users\chris\.m2\repository\eu\fbk\rdfpro\rdfpro-jsonld\0.4.1\rdfpro-jsonld-0.4.1.jar;C:\Users\chris\.m2\repository\org\openrdf\sesame\sesame-rio-api\2.8.4\sesame-rio-api-2.8.4.jar;C:\Users\chris\.m2\repository\org\semarglproject\semargl-jsonld\0.6.1\semargl-jsonld-0.6.1.jar;C:\Users\chris\.m2\repository\org\semarglproject\semargl-rdf\0.6.1\semargl-rdf-0.6.1.jar;C:\Users\chris\.m2\repository\org\semarglproject\semargl-core\0.6.1\semargl-core-0.6.1.jar;C:\Users\chris\.m2\repository\com\github\jsonld-java\jsonld-java-sesame\0.5.1\jsonld-java-sesame-0.5.1.jar;C:\Users\chris\.m2\repository\joda-time\joda-time\2.9.9\joda-time-2.9.9.jar;C:\Users\chris\.m2\repository\commons-validator\commons-validator\1.5.1\commons-validator-1.5.1.jar;C:\Users\chris\.m2\repository\commons-beanutils\commons-beanutils\1.9.2\commons-beanutils-1.9.2.jar;C:\Users\chris\.m2\repository\commons-digester\commons-digester\1.8.1\commons-digester-1.8.1.jar;C:\Users\chris\.m2\repository\commons-logging\commons-logging\1.2\commons-logging-1.2.jar;C:\Users\chris\.m2\repository\commons-collections\commons-collections\3.2.2\commons-collections-3.2.2.jar;C:\Users\chris\.m2\repository\com\squareup\javapoet\1.8.0\javapoet-1.8.0.jar;C:\Users\chris\.m2\repository\net\sourceforge\owlapi\pellet-jena-ignazio1977\2.4.0-ignazio1977\pellet-jena-ignazio1977-2.4.0-ignazio1977.jar;C:\Users\chris\.m2\repository\net\sourceforge\owlapi\pellet-core-ignazio1977\2.4.0-ignazio1977\pellet-core-ignazio1977-2.4.0-ignazio1977.jar;C:\Users\chris\.m2\repository\com\github\ansell\aterms\aterm-java\1.8.2-p1\aterm-java-1.8.2-p1.jar;C:\Users\chris\.m2\repository\com\github\ansell\jjtraveler\jjtraveler\0.6\jjtraveler-0.6.jar;C:\Users\chris\.m2\repository\com\github\ansell\aterms\shared-objects\1.4.9-p1\shared-objects-1.4.9-p1.jar;C:\Users\chris\.m2\repository\org\jgrapht\jgrapht-jdk1.5\0.7.3\jgrapht-jdk1.5-0.7.3.jar;C:\Users\chris\.m2\repository\org\slf4j\slf4j-api\1.7.25\slf4j-api-1.7.25.jar;C:\Users\chris\.m2\repository\ch\qos\logback\logback-classic\1.2.3\logback-classic-1.2.3.jar;C:\Users\chris\.m2\repository\ch\qos\logback\logback-core\1.2.3\logback-core-1.2.3.jar;C:\Users\chris\.m2\repository\com\google\code\gson\gson\2.8.5\gson-2.8.5.jar;C:\Users\chris\.m2\repository\com\github\anno4j\alibaba-repository-object\2.4\alibaba-repository-object-2.4.jar;C:\Users\chris\.m2\repository\org\openrdf\sesame\sesame-sail-memory\2.8.9\sesame-sail-memory-2.8.9.jar;C:\Users\chris\.m2\repository\org\openrdf\sesame\sesame-sail-base\2.8.9\sesame-sail-base-2.8.9.jar;C:\Users\chris\.m2\repository\org\openrdf\sesame\sesame-sail-inferencer\2.8.9\sesame-sail-inferencer-2.8.9.jar;C:\Users\chris\.m2\repository\org\openrdf\sesame\sesame-queryparser-serql\2.8.9\sesame-queryparser-serql-2.8.9.jar;C:\Users\chris\.m2\repository\org\openrdf\sesame\sesame-sail-model\2.8.9\sesame-sail-model-2.8.9.jar;C:\Users\chris\.m2\repository\org\openrdf\sesame\sesame-queryalgebra-evaluation\2.8.9\sesame-queryalgebra-evaluation-2.8.9.jar;C:\Users\chris\.m2\repository\org\openrdf\sesame\sesame-repository-sparql\2.8.9\sesame-repository-sparql-2.8.9.jar;C:\Users\chris\.m2\repository\org\mapdb\mapdb\1.0.7\mapdb-1.0.7.jar;C:\Users\chris\.m2\repository\org\openrdf\sesame\sesame-queryalgebra-model\2.8.9\sesame-queryalgebra-model-2.8.9.jar;C:\Users\chris\.m2\repository\org\openrdf\sesame\sesame-query\2.8.9\sesame-query-2.8.9.jar;C:\Users\chris\.m2\repository\org\openrdf\sesame\sesame-util\2.8.9\sesame-util-2.8.9.jar;C:\Users\chris\.m2\repository\org\openrdf\sesame\sesame-repository-sail\2.8.9\sesame-repository-sail-2.8.9.jar;C:\Users\chris\.m2\repository\org\openrdf\sesame\sesame-sail-api\2.8.9\sesame-sail-api-2.8.9.jar;C:\Users\chris\.m2\repository\org\openrdf\sesame\sesame-http-client\2.8.9\sesame-http-client-2.8.9.jar;C:\Users\chris\.m2\repository\org\openrdf\sesame\sesame-queryparser-api\2.8.9\sesame-queryparser-api-2.8.9.jar;C:\Users\chris\.m2\repository\org\openrdf\sesame\sesame-rio-trig\2.8.9\sesame-rio-trig-2.8.9.jar;C:\Users\chris\.m2\repository\org\openrdf\sesame\sesame-rio-turtle\2.8.9\sesame-rio-turtle-2.8.9.jar;C:\Users\chris\.m2\repository\org\openrdf\sesame\sesame-model\2.8.9\sesame-model-2.8.9.jar;C:\Users\chris\.m2\repository\org\openrdf\sesame\sesame-repository-api\2.8.9\sesame-repository-api-2.8.9.jar;C:\Users\chris\.m2\repository\org\openrdf\sesame\sesame-repository-manager\2.8.9\sesame-repository-manager-2.8.9.jar;C:\Users\chris\.m2\repository\org\openrdf\sesame\sesame-repository-event\2.8.9\sesame-repository-event-2.8.9.jar;C:\Users\chris\.m2\repository\org\openrdf\sesame\sesame-repository-http\2.8.9\sesame-repository-http-2.8.9.jar;C:\Users\chris\.m2\repository\org\openrdf\sesame\sesame-rio-binary\2.8.9\sesame-rio-binary-2.8.9.jar;C:\Users\chris\.m2\repository\org\openrdf\sesame\sesame-http-protocol\2.8.9\sesame-http-protocol-2.8.9.jar;C:\Users\chris\.m2\repository\org\openrdf\sesame\sesame-rio-ntriples\2.8.9\sesame-rio-ntriples-2.8.9.jar;C:\Users\chris\.m2\repository\org\openrdf\sesame\sesame-repository-contextaware\2.8.9\sesame-repository-contextaware-2.8.9.jar;C:\Users\chris\.m2\repository\com\github\anno4j\alibaba-store-blob\2.4\alibaba-store-blob-2.4.jar;C:\Users\chris\.m2\repository\com\github\anno4j\alibaba-composition-object\2.4\alibaba-composition-object-2.4.jar;C:\Users\chris\.m2\repository\org\reflections\reflections\0.9.10\reflections-0.9.10.jar;C:\Users\chris\.m2\repository\org\openrdf\sesame\sesame-queryparser-sparql\2.8.9\sesame-queryparser-sparql-2.8.9.jar;C:\Users\chris\.m2\repository\org\openrdf\sesame\sesame-queryresultio-sparqlxml\2.8.9\sesame-queryresultio-sparqlxml-2.8.9.jar;C:\Users\chris\.m2\repository\org\openrdf\sesame\sesame-queryresultio-api\2.8.9\sesame-queryresultio-api-2.8.9.jar;C:\Users\chris\.m2\repository\org\openrdf\sesame\sesame-rio-rdfxml\2.8.9\sesame-rio-rdfxml-2.8.9.jar;C:\Users\chris\.m2\repository\org\openrdf\sesame\sesame-rio-datatypes\2.8.9\sesame-rio-datatypes-2.8.9.jar;C:\Users\chris\.m2\repository\org\openrdf\sesame\sesame-rio-languages\2.8.9\sesame-rio-languages-2.8.9.jar;C:\Users\chris\.m2\repository\commons-io\commons-io\2.4\commons-io-2.4.jar;C:\Users\chris\.m2\repository\org\javassist\javassist\3.19.0-GA\javassist-3.19.0-GA.jar;C:\Users\chris\.m2\repository\commons-cli\commons-cli\1.2\commons-cli-1.2.jar;C:\Users\chris\.m2\repository\commons-codec\commons-codec\1.11\commons-codec-1.11.jar;C:\Users\chris\.m2\repository\org\apache\marmotta\ldpath-core\3.4.0\ldpath-core-3.4.0.jar;C:\Users\chris\.m2\repository\org\apache\marmotta\ldpath-api\3.4.0\ldpath-api-3.4.0.jar;C:\Users\chris\.m2\repository\com\google\guava\guava\19.0\guava-19.0.jar;C:\Users\chris\.m2\repository\org\slf4j\slf4j-ext\1.7.25\slf4j-ext-1.7.25.jar;C:\Users\chris\.m2\repository\org\slf4j\jcl-over-slf4j\1.7.25\jcl-over-slf4j-1.7.25.jar;C:\Users\chris\.m2\repository\org\slf4j\jul-to-slf4j\1.7.25\jul-to-slf4j-1.7.25.jar;C:\Users\chris\.m2\repository\org\apache\marmotta\ldpath-backend-sesame\3.4.0\ldpath-backend-sesame-3.4.0.jar;"/>
    <property name="sun.cpu.endian" value="little"/>
    <property name="user.home" value="C:\Users\chris"/>
    <property name="user.language" value="de"/>
    <property name="java.specification.vendor" value="Oracle Corporation"/>
    <property name="java.home" value="C:\Program Files\Java\jdk1.8.0_191\jre"/>
    <property name="basedir" value="C:\Users\chris\OneDrive\UniPassau\DataScience&amp;Verteilte IS Lehrstuhl Arbeit\meta-db-rest-api"/>
    <property name="file.separator" value="\"/>
    <property name="line.separator" value="&#10;"/>
    <property name="java.vm.specification.vendor" value="Oracle Corporation"/>
    <property name="java.specification.name" value="Java Platform API Specification"/>
    <property name="java.awt.graphicsenv" value="sun.awt.Win32GraphicsEnvironment"/>
    <property name="surefire.real.class.path" value="C:\Users\chris\AppData\Local\Temp\surefire6242915579590115334\surefirebooter7531461129046841522.jar"/>
    <property name="sun.boot.class.path" value="C:\Program Files\Java\jdk1.8.0_191\jre\lib\resources.jar;C:\Program Files\Java\jdk1.8.0_191\jre\lib\rt.jar;C:\Program Files\Java\jdk1.8.0_191\jre\lib\sunrsasign.jar;C:\Program Files\Java\jdk1.8.0_191\jre\lib\jsse.jar;C:\Program Files\Java\jdk1.8.0_191\jre\lib\jce.jar;C:\Program Files\Java\jdk1.8.0_191\jre\lib\charsets.jar;C:\Program Files\Java\jdk1.8.0_191\jre\lib\jfr.jar;C:\Program Files\Java\jdk1.8.0_191\jre\classes"/>
    <property name="user.script" value=""/>
    <property name="sun.management.compiler" value="HotSpot 64-Bit Tiered Compilers"/>
    <property name="java.runtime.version" value="1.8.0_191-b12"/>
    <property name="user.name" value="chris"/>
    <property name="path.separator" value=";"/>
    <property name="os.version" value="10.0"/>
    <property name="java.endorsed.dirs" value="C:\Program Files\Java\jdk1.8.0_191\jre\lib\endorsed"/>
    <property name="java.runtime.name" value="Java(TM) SE Runtime Environment"/>
    <property name="file.encoding" value="Cp1252"/>
    <property name="java.vm.name" value="Java HotSpot(TM) 64-Bit Server VM"/>
    <property name="localRepository" value="C:\Users\chris\.m2\repository"/>
    <property name="java.vendor.url.bug" value="http://bugreport.sun.com/bugreport/"/>
    <property name="java.io.tmpdir" value="C:\Users\chris\AppData\Local\Temp\"/>
    <property name="java.version" value="1.8.0_191"/>
    <property name="user.dir" value="C:\Users\chris\OneDrive\UniPassau\DataScience&amp;Verteilte IS Lehrstuhl Arbeit\meta-db-rest-api"/>
    <property name="os.arch" value="amd64"/>
    <property name="java.vm.specification.name" value="Java Virtual Machine Specification"/>
    <property name="java.awt.printerjob" value="sun.awt.windows.WPrinterJob"/>
    <property name="sun.os.patch.level" value=""/>
    <property name="java.library.path" value="C:\Program Files\Java\jdk1.8.0_191\jre\bin;C:\WINDOWS\Sun\Java\bin;C:\WINDOWS\system32;C:\WINDOWS;C:\Program Files (x86)\Common Files\Oracle\Java\javapath;C:\ProgramData\Oracle\Java\javapath;C:\Program Files (x86)\NVIDIA Corporation\PhysX\Common;C:\WINDOWS\system32;C:\WINDOWS;C:\WINDOWS\System32\Wbem;C:\WINDOWS\System32\WindowsPowerShell\v1.0\;C:\Program Files\OpenVPN\bin;C:\Program Files\Java\jdk1.8.0_191\bin;C:\ffmpeg-3.4.2-win64-static\bin;C:\PostgreSQL\pg10\bin;C:\WINDOWS\System32\OpenSSH\;C:\Program Files\apache-maven-3.5.3\bin;C:\joomla\bin;C:\Users\chris\Downloads\mysql-8.0.12-winx64\mysql-8.0.12-winx64\bin;C:\Program Files\Microsoft SQL Server\120\Tools\Binn\;C:\Program Files (x86)\Microsoft VS Code\bin;C:\Program Files\Git\cmd;C:\Users\chris\AppData\Local\Microsoft\WindowsApps;C:\Program Files (x86)\Microsoft VS Code\bin;C:\Program Files\Java\jdk-10.0.1\bin;;."/>
    <property name="java.vm.info" value="mixed mode"/>
    <property name="java.vendor" value="Oracle Corporation"/>
    <property name="java.vm.version" value="25.191-b12"/>
    <property name="java.ext.dirs" value="C:\Program Files\Java\jdk1.8.0_191\jre\lib\ext;C:\WINDOWS\Sun\Java\lib\ext"/>
    <property name="sun.io.unicode.encoding" value="UnicodeLittle"/>
    <property name="java.class.version" value="52.0"/>
  </properties>
  <testcase name="testResourceAndDigitalRepresentation" classname="model.ModelTest" time="18.938"/>
</testsuite>